<?xml version="1.0" encoding="UTF-8"?>
<!-- Generated by org.testng.reporters.JUnitXMLReporter -->
<testsuite ignored="1" hostname="DESKTOP-SSM1QIR" failures="0" tests="1" name="NegativeTest" time="18.156" errors="0" timestamp="2020-11-02T12:53:16 GMT-06:00">
  <testcase classname="com.herokuapp.theinternet.NegativeTest" name="NegativeUsernameTest" time="9.157"/>
  <testcase classname="com.herokuapp.theinternet.NegativeTest" name="NegativePasswordTest" time="0.0">
    <ignored/>
  </testcase> <!-- NegativePasswordTest -->
</testsuite> <!-- NegativeTest -->
