<?xml version="1.0" encoding="UTF-8"?>
<!-- Generated by org.testng.reporters.JUnitXMLReporter -->
<testsuite ignored="0" hostname="DESKTOP-SSM1QIR" failures="0" tests="2" name="Default test" time="37.127" errors="0" timestamp="2020-11-02T00:47:13 GMT-06:00">
  <testcase classname="com.herokuapp.theinternet.loginpagetest.NegativeTest" name="NegativeUsernameTest" time="10.812"/>
  <testcase classname="com.herokuapp.theinternet.loginpagetest.NegativeTest" name="NegativePasswordTest" time="12.76"/>
</testsuite> <!-- Default test -->
