<?xml version="1.0" encoding="UTF-8"?>
<testng-results ignored="0" total="0" passed="0" failed="0" skipped="0">
  <reporter-output>
  </reporter-output>
  <suite started-at="2020-10-18T21:52:34 GMT-05:00" name="AllTest" finished-at="2020-10-18T21:52:34 GMT-05:00" duration-ms="57">
    <groups>
    </groups>
    <test started-at="2020-10-18T21:52:34 GMT-05:00" name="PossitiveTest" finished-at="2020-10-18T21:52:34 GMT-05:00" duration-ms="12">
    </test> <!-- PossitiveTest -->
    <test started-at="2020-10-18T21:52:34 GMT-05:00" name="NegativeTest" finished-at="2020-10-18T21:52:34 GMT-05:00" duration-ms="0">
    </test> <!-- NegativeTest -->
  </suite> <!-- AllTest -->
</testng-results>
