<?xml version="1.0" encoding="UTF-8"?>
<!-- Generated by org.testng.reporters.JUnitXMLReporter -->
<testsuite ignored="2" hostname="DESKTOP-SSM1QIR" failures="0" tests="0" time="0.002" errors="0" timestamp="2020-10-25T13:09:09 GMT-06:00">
  <testcase classname="com.herokuapp.theinternet.LoginTests" name="positiveLogingTest" time="0.0">
    <ignored/>
  </testcase> <!-- positiveLogingTest -->
  <testcase classname="com.herokuapp.theinternet.LoginTests" name="negativeLoginTest" time="0.0">
    <ignored/>
  </testcase> <!-- negativeLoginTest -->
</testsuite>
