<?xml version="1.0" encoding="UTF-8"?>
<!-- Generated by org.testng.reporters.JUnitXMLReporter -->
<testsuite ignored="0" hostname="DESKTOP-SSM1QIR" failures="0" tests="2" name="NegativeUsernameTest" time="36.727" errors="0" timestamp="2020-11-02T12:54:03 GMT-06:00">
  <testcase classname="com.herokuapp.theinternet.NegativeTest" name="NegativeUsernameTest" time="9.414"/>
  <testcase classname="com.herokuapp.theinternet.NegativeTest" name="NegativePasswordTest" time="10.189"/>
</testsuite> <!-- NegativeUsernameTest -->
