<?xml version="1.0" encoding="UTF-8"?>
<!-- Generated by org.testng.reporters.JUnitXMLReporter -->
<testsuite ignored="1" hostname="DESKTOP-SSM1QIR" failures="0" tests="1" name="PositiveTest" time="10.473" errors="0" timestamp="2020-10-25T01:03:08 GMT-05:00">
  <testcase classname="com.herokuapp.theinternet.LoginTests" name="positiveLogingTest" time="10.411"/>
  <testcase classname="com.herokuapp.theinternet.LoginTests" name="negativeLoginTest" time="0.0">
    <ignored/>
  </testcase> <!-- negativeLoginTest -->
</testsuite> <!-- PositiveTest -->
