<?xml version="1.0" encoding="UTF-8"?>
<!-- Generated by org.testng.reporters.JUnitXMLReporter -->
<testsuite ignored="1" hostname="DESKTOP-SSM1QIR" failures="0" tests="1" name="PossitiveTest" time="11.717" errors="0" timestamp="2020-10-25T00:48:18 GMT-05:00">
  <testcase classname="com.herokuapp.theinternet.LoginTests" name="positiveLogingTest" time="11.654"/>
  <testcase classname="com.herokuapp.theinternet.LoginTests" name="negativeLoginTest" time="0.0">
    <ignored/>
  </testcase> <!-- negativeLoginTest -->
</testsuite> <!-- PossitiveTest -->
