<?xml version="1.0" encoding="UTF-8"?>
<!-- Generated by org.testng.reporters.JUnitXMLReporter -->
<testsuite ignored="1" hostname="DESKTOP-SSM1QIR" failures="0" tests="1" name="NegativeTest" time="17.877" errors="0" timestamp="2020-11-02T19:14:44 GMT-06:00">
  <testcase classname="com.herokuapp.theinternet.loginpagetest.NegativeTest" name="NegativeUsernameTest" time="8.94"/>
  <testcase classname="com.herokuapp.theinternet.loginpagetest.NegativeTest" name="NegativePasswordTest" time="0.0">
    <ignored/>
  </testcase> <!-- NegativePasswordTest -->
</testsuite> <!-- NegativeTest -->
